{"C:\\Users\\ticey\\Desktop\\code\\HW\\src\\setting.ts": {"path":"C:\\Users\\ticey\\Desktop\\code\\HW\\src\\setting.ts","statementMap":{"0":{"start":{"line":2,"column":0},"end":{"line":2,"column":49}},"1":{"start":{"line":3,"column":0},"end":{"line":3,"column":36}},"2":{"start":{"line":4,"column":0},"end":{"line":4,"column":52}},"3":{"start":{"line":7,"column":13},"end":{"line":7,"column":null}},"4":{"start":{"line":10,"column":19},"end":{"line":10,"column":33}},"5":{"start":{"line":11,"column":0},"end":{"line":11,"column":null}},"6":{"start":{"line":12,"column":0},"end":{"line":12,"column":null}},"7":{"start":{"line":13,"column":0},"end":{"line":13,"column":null}}},"fnMap":{},"branchMap":{},"s":{"0":1,"1":1,"2":1,"3":1,"4":1,"5":1,"6":1,"7":1},"f":{},"b":{}}
,"C:\\Users\\ticey\\Desktop\\code\\HW\\src\\routes\\video-routes.ts": {"path":"C:\\Users\\ticey\\Desktop\\code\\HW\\src\\routes\\video-routes.ts","statementMap":{"0":{"start":{"line":1,"column":0},"end":{"line":1,"column":50}},"1":{"start":{"line":2,"column":13},"end":{"line":2,"column":null}},"2":{"start":{"line":19,"column":11},"end":{"line":38,"column":null}},"3":{"start":{"line":39,"column":18},"end":{"line":39,"column":65}},"4":{"start":{"line":40,"column":41},"end":{"line":40,"column":101}},"5":{"start":{"line":41,"column":0},"end":{"line":44,"column":null}},"6":{"start":{"line":42,"column":4},"end":{"line":42,"column":null}},"7":{"start":{"line":43,"column":4},"end":{"line":43,"column":null}},"8":{"start":{"line":46,"column":0},"end":{"line":48,"column":null}},"9":{"start":{"line":47,"column":4},"end":{"line":47,"column":null}},"10":{"start":{"line":50,"column":0},"end":{"line":89,"column":null}},"11":{"start":{"line":51,"column":38},"end":{"line":51,"column":40}},"12":{"start":{"line":52,"column":16},"end":{"line":52,"column":30}},"13":{"start":{"line":53,"column":17},"end":{"line":53,"column":32}},"14":{"start":{"line":54,"column":18},"end":{"line":54,"column":47}},"15":{"start":{"line":56,"column":4},"end":{"line":60,"column":null}},"16":{"start":{"line":57,"column":8},"end":{"line":59,"column":null}},"17":{"start":{"line":62,"column":4},"end":{"line":67,"column":null}},"18":{"start":{"line":63,"column":8},"end":{"line":65,"column":null}},"19":{"start":{"line":69,"column":4},"end":{"line":71,"column":null}},"20":{"start":{"line":69,"column":39},"end":{"line":69,"column":71}},"21":{"start":{"line":70,"column":8},"end":{"line":70,"column":null}},"22":{"start":{"line":73,"column":4},"end":{"line":88,"column":null}},"23":{"start":{"line":74,"column":8},"end":{"line":74,"column":null}},"24":{"start":{"line":76,"column":23},"end":{"line":85,"column":null}},"25":{"start":{"line":86,"column":8},"end":{"line":86,"column":null}},"26":{"start":{"line":87,"column":8},"end":{"line":87,"column":null}},"27":{"start":{"line":91,"column":0},"end":{"line":99,"column":null}},"28":{"start":{"line":92,"column":19},"end":{"line":92,"column":65}},"29":{"start":{"line":92,"column":36},"end":{"line":92,"column":64}},"30":{"start":{"line":93,"column":4},"end":{"line":96,"column":null}},"31":{"start":{"line":94,"column":8},"end":{"line":94,"column":null}},"32":{"start":{"line":95,"column":8},"end":{"line":95,"column":14}},"33":{"start":{"line":97,"column":4},"end":{"line":97,"column":null}},"34":{"start":{"line":101,"column":0},"end":{"line":169,"column":null}},"35":{"start":{"line":102,"column":38},"end":{"line":102,"column":40}},"36":{"start":{"line":105,"column":16},"end":{"line":105,"column":30}},"37":{"start":{"line":106,"column":17},"end":{"line":106,"column":32}},"38":{"start":{"line":107,"column":18},"end":{"line":107,"column":47}},"39":{"start":{"line":108,"column":14},"end":{"line":108,"column":40}},"40":{"start":{"line":109,"column":15},"end":{"line":109,"column":39}},"41":{"start":{"line":110,"column":25},"end":{"line":110,"column":49}},"42":{"start":{"line":113,"column":4},"end":{"line":117,"column":null}},"43":{"start":{"line":114,"column":8},"end":{"line":116,"column":null}},"44":{"start":{"line":119,"column":4},"end":{"line":123,"column":null}},"45":{"start":{"line":120,"column":8},"end":{"line":122,"column":null}},"46":{"start":{"line":125,"column":4},"end":{"line":127,"column":null}},"47":{"start":{"line":125,"column":39},"end":{"line":125,"column":71}},"48":{"start":{"line":126,"column":8},"end":{"line":126,"column":null}},"49":{"start":{"line":130,"column":4},"end":{"line":134,"column":null}},"50":{"start":{"line":131,"column":8},"end":{"line":133,"column":null}},"51":{"start":{"line":136,"column":4},"end":{"line":141,"column":null}},"52":{"start":{"line":137,"column":8},"end":{"line":140,"column":null}},"53":{"start":{"line":143,"column":4},"end":{"line":148,"column":null}},"54":{"start":{"line":144,"column":8},"end":{"line":147,"column":null}},"55":{"start":{"line":151,"column":4},"end":{"line":153,"column":null}},"56":{"start":{"line":152,"column":8},"end":{"line":152,"column":null}},"57":{"start":{"line":155,"column":18},"end":{"line":155,"column":64}},"58":{"start":{"line":155,"column":35},"end":{"line":155,"column":63}},"59":{"start":{"line":156,"column":4},"end":{"line":159,"column":null}},"60":{"start":{"line":157,"column":8},"end":{"line":157,"column":null}},"61":{"start":{"line":158,"column":8},"end":{"line":158,"column":14}},"62":{"start":{"line":161,"column":4},"end":{"line":161,"column":null}},"63":{"start":{"line":162,"column":4},"end":{"line":162,"column":null}},"64":{"start":{"line":163,"column":4},"end":{"line":163,"column":null}},"65":{"start":{"line":164,"column":4},"end":{"line":164,"column":null}},"66":{"start":{"line":165,"column":4},"end":{"line":165,"column":null}},"67":{"start":{"line":166,"column":4},"end":{"line":166,"column":null}},"68":{"start":{"line":167,"column":4},"end":{"line":167,"column":null}},"69":{"start":{"line":173,"column":0},"end":{"line":187,"column":null}},"70":{"start":{"line":175,"column":4},"end":{"line":183,"column":null}},"71":{"start":{"line":175,"column":26},"end":{"line":175,"column":54}},"72":{"start":{"line":176,"column":8},"end":{"line":176,"column":null}},"73":{"start":{"line":177,"column":8},"end":{"line":177,"column":14}},"74":{"start":{"line":180,"column":8},"end":{"line":180,"column":null}},"75":{"start":{"line":180,"column":36},"end":{"line":180,"column":64}},"76":{"start":{"line":181,"column":8},"end":{"line":181,"column":null}},"77":{"start":{"line":182,"column":8},"end":{"line":182,"column":14}}},"fnMap":{"0":{"name":"(anonymous_0)","decl":{"start":{"line":41,"column":34},"end":{"line":41,"column":35}},"loc":{"start":{"line":41,"column":63},"end":{"line":44,"column":1}}},"1":{"name":"(anonymous_1)","decl":{"start":{"line":46,"column":23},"end":{"line":46,"column":24}},"loc":{"start":{"line":46,"column":52},"end":{"line":48,"column":1}}},"2":{"name":"(anonymous_2)","decl":{"start":{"line":50,"column":24},"end":{"line":50,"column":25}},"loc":{"start":{"line":50,"column":53},"end":{"line":89,"column":1}}},"3":{"name":"(anonymous_3)","decl":{"start":{"line":69,"column":23},"end":{"line":69,"column":24}},"loc":{"start":{"line":69,"column":39},"end":{"line":69,"column":71}}},"4":{"name":"(anonymous_4)","decl":{"start":{"line":91,"column":31},"end":{"line":91,"column":32}},"loc":{"start":{"line":91,"column":60},"end":{"line":99,"column":1}}},"5":{"name":"(anonymous_5)","decl":{"start":{"line":92,"column":31},"end":{"line":92,"column":32}},"loc":{"start":{"line":92,"column":36},"end":{"line":92,"column":64}}},"6":{"name":"(anonymous_6)","decl":{"start":{"line":101,"column":31},"end":{"line":101,"column":32}},"loc":{"start":{"line":101,"column":60},"end":{"line":169,"column":1}}},"7":{"name":"(anonymous_7)","decl":{"start":{"line":125,"column":23},"end":{"line":125,"column":24}},"loc":{"start":{"line":125,"column":39},"end":{"line":125,"column":71}}},"8":{"name":"(anonymous_8)","decl":{"start":{"line":155,"column":30},"end":{"line":155,"column":31}},"loc":{"start":{"line":155,"column":35},"end":{"line":155,"column":63}}},"9":{"name":"(anonymous_9)","decl":{"start":{"line":173,"column":34},"end":{"line":173,"column":35}},"loc":{"start":{"line":173,"column":63},"end":{"line":187,"column":1}}},"10":{"name":"(anonymous_10)","decl":{"start":{"line":175,"column":21},"end":{"line":175,"column":22}},"loc":{"start":{"line":175,"column":26},"end":{"line":175,"column":54}}},"11":{"name":"(anonymous_11)","decl":{"start":{"line":180,"column":31},"end":{"line":180,"column":32}},"loc":{"start":{"line":180,"column":36},"end":{"line":180,"column":64}}}},"branchMap":{"0":{"loc":{"start":{"line":56,"column":4},"end":{"line":60,"column":null}},"type":"if","locations":[{"start":{"line":56,"column":4},"end":{"line":60,"column":null}}]},"1":{"loc":{"start":{"line":56,"column":7},"end":{"line":56,"column":63}},"type":"binary-expr","locations":[{"start":{"line":56,"column":7},"end":{"line":56,"column":13}},{"start":{"line":56,"column":17},"end":{"line":56,"column":42}},{"start":{"line":56,"column":46},"end":{"line":56,"column":63}}]},"2":{"loc":{"start":{"line":62,"column":4},"end":{"line":67,"column":null}},"type":"if","locations":[{"start":{"line":62,"column":4},"end":{"line":67,"column":null}}]},"3":{"loc":{"start":{"line":62,"column":7},"end":{"line":62,"column":66}},"type":"binary-expr","locations":[{"start":{"line":62,"column":7},"end":{"line":62,"column":14}},{"start":{"line":62,"column":18},"end":{"line":62,"column":44}},{"start":{"line":62,"column":48},"end":{"line":62,"column":66}}]},"4":{"loc":{"start":{"line":69,"column":4},"end":{"line":71,"column":null}},"type":"if","locations":[{"start":{"line":69,"column":4},"end":{"line":71,"column":null}}]},"5":{"loc":{"start":{"line":69,"column":7},"end":{"line":69,"column":90}},"type":"binary-expr","locations":[{"start":{"line":69,"column":7},"end":{"line":69,"column":72}},{"start":{"line":69,"column":76},"end":{"line":69,"column":90}}]},"6":{"loc":{"start":{"line":73,"column":4},"end":{"line":88,"column":null}},"type":"if","locations":[{"start":{"line":73,"column":4},"end":{"line":88,"column":null}},{"start":{"line":75,"column":11},"end":{"line":88,"column":null}}]},"7":{"loc":{"start":{"line":93,"column":4},"end":{"line":96,"column":null}},"type":"if","locations":[{"start":{"line":93,"column":4},"end":{"line":96,"column":null}}]},"8":{"loc":{"start":{"line":113,"column":4},"end":{"line":117,"column":null}},"type":"if","locations":[{"start":{"line":113,"column":4},"end":{"line":117,"column":null}}]},"9":{"loc":{"start":{"line":113,"column":7},"end":{"line":113,"column":63}},"type":"binary-expr","locations":[{"start":{"line":113,"column":7},"end":{"line":113,"column":13}},{"start":{"line":113,"column":17},"end":{"line":113,"column":42}},{"start":{"line":113,"column":46},"end":{"line":113,"column":63}}]},"10":{"loc":{"start":{"line":119,"column":4},"end":{"line":123,"column":null}},"type":"if","locations":[{"start":{"line":119,"column":4},"end":{"line":123,"column":null}}]},"11":{"loc":{"start":{"line":119,"column":7},"end":{"line":119,"column":66}},"type":"binary-expr","locations":[{"start":{"line":119,"column":7},"end":{"line":119,"column":14}},{"start":{"line":119,"column":18},"end":{"line":119,"column":44}},{"start":{"line":119,"column":48},"end":{"line":119,"column":66}}]},"12":{"loc":{"start":{"line":125,"column":4},"end":{"line":127,"column":null}},"type":"if","locations":[{"start":{"line":125,"column":4},"end":{"line":127,"column":null}}]},"13":{"loc":{"start":{"line":125,"column":7},"end":{"line":125,"column":90}},"type":"binary-expr","locations":[{"start":{"line":125,"column":7},"end":{"line":125,"column":72}},{"start":{"line":125,"column":76},"end":{"line":125,"column":90}}]},"14":{"loc":{"start":{"line":130,"column":4},"end":{"line":134,"column":null}},"type":"if","locations":[{"start":{"line":130,"column":4},"end":{"line":134,"column":null}}]},"15":{"loc":{"start":{"line":130,"column":7},"end":{"line":130,"column":53}},"type":"binary-expr","locations":[{"start":{"line":130,"column":7},"end":{"line":130,"column":30}},{"start":{"line":130,"column":34},"end":{"line":130,"column":41}},{"start":{"line":130,"column":45},"end":{"line":130,"column":53}}]},"16":{"loc":{"start":{"line":136,"column":4},"end":{"line":141,"column":null}},"type":"if","locations":[{"start":{"line":136,"column":4},"end":{"line":141,"column":null}}]},"17":{"loc":{"start":{"line":136,"column":7},"end":{"line":136,"column":61}},"type":"binary-expr","locations":[{"start":{"line":136,"column":7},"end":{"line":136,"column":22}},{"start":{"line":136,"column":26},"end":{"line":136,"column":61}}]},"18":{"loc":{"start":{"line":143,"column":4},"end":{"line":148,"column":null}},"type":"if","locations":[{"start":{"line":143,"column":4},"end":{"line":148,"column":null}}]},"19":{"loc":{"start":{"line":143,"column":7},"end":{"line":143,"column":86}},"type":"binary-expr","locations":[{"start":{"line":143,"column":7},"end":{"line":143,"column":12}},{"start":{"line":143,"column":16},"end":{"line":143,"column":40}},{"start":{"line":143,"column":44},"end":{"line":143,"column":62}},{"start":{"line":143,"column":66},"end":{"line":143,"column":86}}]},"20":{"loc":{"start":{"line":151,"column":4},"end":{"line":153,"column":null}},"type":"if","locations":[{"start":{"line":151,"column":4},"end":{"line":153,"column":null}}]},"21":{"loc":{"start":{"line":156,"column":4},"end":{"line":159,"column":null}},"type":"if","locations":[{"start":{"line":156,"column":4},"end":{"line":159,"column":null}}]},"22":{"loc":{"start":{"line":175,"column":4},"end":{"line":183,"column":null}},"type":"if","locations":[{"start":{"line":175,"column":4},"end":{"line":183,"column":null}},{"start":{"line":179,"column":8},"end":{"line":183,"column":null}}]}},"s":{"0":1,"1":1,"2":1,"3":1,"4":1,"5":1,"6":1,"7":1,"8":1,"9":0,"10":1,"11":1,"12":1,"13":1,"14":1,"15":1,"16":1,"17":1,"18":1,"19":1,"20":0,"21":0,"22":0,"23":0,"24":0,"25":0,"26":0,"27":1,"28":0,"29":0,"30":0,"31":0,"32":0,"33":0,"34":1,"35":0,"36":0,"37":0,"38":0,"39":0,"40":0,"41":0,"42":0,"43":0,"44":0,"45":0,"46":0,"47":0,"48":0,"49":0,"50":0,"51":0,"52":0,"53":0,"54":0,"55":0,"56":0,"57":0,"58":0,"59":0,"60":0,"61":0,"62":0,"63":0,"64":0,"65":0,"66":0,"67":0,"68":0,"69":1,"70":0,"71":0,"72":0,"73":0,"74":0,"75":0,"76":0,"77":0},"f":{"0":1,"1":0,"2":1,"3":0,"4":0,"5":0,"6":0,"7":0,"8":0,"9":0,"10":0,"11":0},"b":{"0":[1],"1":[1,0,0],"2":[1],"3":[1,0,0],"4":[0],"5":[1,0],"6":[0,0],"7":[0],"8":[0],"9":[0,0,0],"10":[0],"11":[0,0,0],"12":[0],"13":[0,0],"14":[0],"15":[0,0,0],"16":[0],"17":[0,0],"18":[0],"19":[0,0,0,0],"20":[0],"21":[0],"22":[0,0]}}
}
