TN:
SF:src\setting.ts
FNF:0
FNH:0
DA:2,1
DA:3,1
DA:4,1
DA:7,1
DA:10,1
DA:11,1
DA:12,1
DA:13,1
LF:8
LH:8
BRF:0
BRH:0
end_of_record
TN:
SF:src\routes\video-routes.ts
FN:41,(anonymous_0)
FN:46,(anonymous_1)
FN:50,(anonymous_2)
FN:69,(anonymous_3)
FN:91,(anonymous_4)
FN:92,(anonymous_5)
FN:101,(anonymous_6)
FN:125,(anonymous_7)
FN:155,(anonymous_8)
FN:173,(anonymous_9)
FN:175,(anonymous_10)
FN:180,(anonymous_11)
FNF:12
FNH:2
FNDA:1,(anonymous_0)
FNDA:0,(anonymous_1)
FNDA:1,(anonymous_2)
FNDA:0,(anonymous_3)
FNDA:0,(anonymous_4)
FNDA:0,(anonymous_5)
FNDA:0,(anonymous_6)
FNDA:0,(anonymous_7)
FNDA:0,(anonymous_8)
FNDA:0,(anonymous_9)
FNDA:0,(anonymous_10)
FNDA:0,(anonymous_11)
DA:1,1
DA:2,1
DA:19,1
DA:39,1
DA:40,1
DA:41,1
DA:42,1
DA:43,1
DA:46,1
DA:47,0
DA:50,1
DA:51,1
DA:52,1
DA:53,1
DA:54,1
DA:56,1
DA:57,1
DA:62,1
DA:63,1
DA:69,1
DA:70,0
DA:73,0
DA:74,0
DA:76,0
DA:86,0
DA:87,0
DA:91,1
DA:92,0
DA:93,0
DA:94,0
DA:95,0
DA:97,0
DA:101,1
DA:102,0
DA:105,0
DA:106,0
DA:107,0
DA:108,0
DA:109,0
DA:110,0
DA:113,0
DA:114,0
DA:119,0
DA:120,0
DA:125,0
DA:126,0
DA:130,0
DA:131,0
DA:136,0
DA:137,0
DA:143,0
DA:144,0
DA:151,0
DA:152,0
DA:155,0
DA:156,0
DA:157,0
DA:158,0
DA:161,0
DA:162,0
DA:163,0
DA:164,0
DA:165,0
DA:166,0
DA:167,0
DA:173,1
DA:175,0
DA:176,0
DA:177,0
DA:180,0
DA:181,0
DA:182,0
LF:72
LH:22
BRDA:56,0,0,1
BRDA:56,1,0,1
BRDA:56,1,1,0
BRDA:56,1,2,0
BRDA:62,2,0,1
BRDA:62,3,0,1
BRDA:62,3,1,0
BRDA:62,3,2,0
BRDA:69,4,0,0
BRDA:69,5,0,1
BRDA:69,5,1,0
BRDA:73,6,0,0
BRDA:73,6,1,0
BRDA:93,7,0,0
BRDA:113,8,0,0
BRDA:113,9,0,0
BRDA:113,9,1,0
BRDA:113,9,2,0
BRDA:119,10,0,0
BRDA:119,11,0,0
BRDA:119,11,1,0
BRDA:119,11,2,0
BRDA:125,12,0,0
BRDA:125,13,0,0
BRDA:125,13,1,0
BRDA:130,14,0,0
BRDA:130,15,0,0
BRDA:130,15,1,0
BRDA:130,15,2,0
BRDA:136,16,0,0
BRDA:136,17,0,0
BRDA:136,17,1,0
BRDA:143,18,0,0
BRDA:143,19,0,0
BRDA:143,19,1,0
BRDA:143,19,2,0
BRDA:143,19,3,0
BRDA:151,20,0,0
BRDA:156,21,0,0
BRDA:175,22,0,0
BRDA:175,22,1,0
BRF:41
BRH:5
end_of_record
